Build started 12/10/2011 10:28:02 PM.
     1>Project "E:\منوعات\project c++2\project c++\project c++.vcxproj" on node 2 (build target(s)).
     1>InitializeBuildStatus:
         Touching "Debug\project c++.unsuccessfulbuild".
       ClCompile:
         All outputs are up-to-date.
       ManifestResourceCompile:
         All outputs are up-to-date.
       Link:
         All outputs are up-to-date.
         C:\Program Files (x86)\Microsoft Visual Studio 10.0\VC\bin\link.exe /ERRORREPORT:PROMPT /OUT:"E:\منوعات\project c++2\Debug\project c++.exe" /INCREMENTAL /NOLOGO kernel32.lib user32.lib gdi32.lib winspool.lib comdlg32.lib advapi32.lib shell32.lib ole32.lib oleaut32.lib uuid.lib odbc32.lib odbccp32.lib /MANIFEST /ManifestFile:"Debug\project c++.exe.intermediate.manifest" /MANIFESTUAC:"level='asInvoker' uiAccess='false'" /DEBUG /PDB:"E:\منوعات\project c++2\Debug\project c++.pdb" /SUBSYSTEM:CONSOLE /TLBID:1 /DYNAMICBASE /NXCOMPAT /IMPLIB:"E:\منوعات\project c++2\Debug\project c++.lib" /MACHINE:X86 "Debug\project c++.exe.embed.manifest.res"
         Debug\Functions.obj
         Debug\main.obj
         Debug\player.obj
         Debug\team.obj
       Manifest:
         C:\Program Files (x86)\Microsoft SDKs\Windows\v7.0A\bin\mt.exe /nologo /verbose /out:"Debug\project c++.exe.embed.manifest" /manifest "Debug\project c++.exe.intermediate.manifest"
         
     1>mt.exe : general error c101008a: Failed to save the updated manifest to the file "Debug\project c++.exe.embed.manifest". The parameter is incorrect.
         
     1>Done Building Project "E:\منوعات\project c++2\project c++\project c++.vcxproj" (build target(s)) -- FAILED.

Build FAILED.

Time Elapsed 00:00:00.20
